<?xml version="1.0" ?>
<virtualizer>
	<id>240e7425-1f87-11e7-8ce0-645106b16e7d</id>
	<name>ESCAPE_NS</name>
	<nodes>
		<node>
			<id>SingleBiSBiS</id>
			<name>SingleBiSBiS</name>
			<type>BiSBiS</type>
			<ports>
				<port>
					<id>SAP1</id>
					<name>SAP:SAP1</name>
					<port_type>port-sap</port_type>
				</port>
				<port>
					<id>SAP14</id>
					<port_type>port-sap</port_type>
					<sap>SAP14</sap>
					<sap_data>
						<resources>
							<delay>2.5</delay>
							<bandwidth>10</bandwidth>
						</resources>
					</sap_data>
				</port>
				<port>
					<id>SAP2</id>
					<name>SAP:SAP2</name>
					<port_type>port-sap</port_type>
				</port>
			</ports>
			<links>
				<link>
					<id>resource-link0</id>
					<src>../../../ports/port[id=SAP14]</src>
					<dst>../../../ports/port[id=SAP1]</dst>
					<resources>
						<delay>0.2</delay>
						<bandwidth>160000.0</bandwidth>
					</resources>
				</link>
				<link>
					<id>resource-link1</id>
					<src>../../../ports/port[id=SAP14]</src>
					<dst>../../../ports/port[id=SAP2]</dst>
					<resources>
						<delay>0.2</delay>
						<bandwidth>160000.0</bandwidth>
					</resources>
				</link>
				<link>
					<id>resource-link2</id>
					<src>../../../ports/port[id=SAP1]</src>
					<dst>../../../ports/port[id=SAP2]</dst>
					<resources>
						<delay>0.2</delay>
						<bandwidth>160000.0</bandwidth>
					</resources>
				</link>
			</links>
			<resources>
				<cpu>10.0</cpu>
				<mem>10.0</mem>
				<storage>40.0</storage>
			</resources>
			<metadata>
				<key>bandwidth</key>
				<value>160000.0</value>
			</metadata>
			<metadata>
				<key>delay</key>
				<value>0.2</value>
			</metadata>
			<NF_instances>
				<node>
					<id>compressor</id>
					<name>compressor</name>
					<type>comp</type>
					<ports>
						<port>
							<id>1</id>
							<port_type>port-abstract</port_type>
						</port>
					</ports>
					<resources>
						<cpu>1.0</cpu>
						<mem>2.0</mem>
						<storage>8.0</storage>
					</resources>
				</node>
				<node>
					<id>decompressor</id>
					<name>decompressor</name>
					<type>decomp</type>
					<ports>
						<port>
							<id>1</id>
							<port_type>port-abstract</port_type>
						</port>
					</ports>
					<resources>
						<cpu>1.0</cpu>
						<mem>2.0</mem>
						<storage>8.0</storage>
					</resources>
				</node>
				<node>
					<id>forwarder</id>
					<name>forwarder</name>
					<type>forwarder</type>
					<ports>
						<port>
							<id>1</id>
							<port_type>port-abstract</port_type>
						</port>
					</ports>
					<resources>
						<cpu>1.0</cpu>
						<mem>2.0</mem>
						<storage>8.0</storage>
					</resources>
				</node>
			</NF_instances>
			<capabilities>
				<supported_NFs>
					<node>
						<id>comp</id>
						<type>comp</type>
					</node>
					<node>
						<id>decomp</id>
						<type>decomp</type>
					</node>
					<node>
						<id>forwarder</id>
						<type>forwarder</type>
					</node>
				</supported_NFs>
			</capabilities>
			<flowtable>
				<flowentry>
					<id>1</id>
					<priority>100</priority>
					<port>../../../ports/port[id=SAP1]</port>
					<out>../../../NF_instances/node[id=compressor]/ports/port[id=1]</out>
				</flowentry>
				<flowentry>
					<id>2</id>
					<priority>100</priority>
					<port>../../../NF_instances/node[id=compressor]/ports/port[id=1]</port>
					<out>../../../NF_instances/node[id=decompressor]/ports/port[id=1]</out>
				</flowentry>
				<flowentry>
					<id>3</id>
					<priority>100</priority>
					<port>../../../NF_instances/node[id=decompressor]/ports/port[id=1]</port>
					<out>../../../ports/port[id=SAP2]</out>
				</flowentry>
				<flowentry>
					<id>4</id>
					<priority>100</priority>
					<port>../../../ports/port[id=SAP2]</port>
					<out>../../../NF_instances/node[id=forwarder]/ports/port[id=1]</out>
				</flowentry>
				<flowentry>
					<id>5</id>
					<priority>100</priority>
					<port>../../../NF_instances/node[id=forwarder]/ports/port[id=1]</port>
					<out>../../../ports/port[id=SAP1]</out>
				</flowentry>
			</flowtable>
		</node>
	</nodes>
	<version>2016-07-08; compiled at 2016-12-09  12:50:20</version>
</virtualizer>
